[23:37:7.914] Global cache location '/home/furkan/.cache/typescript/4.0', safe file path '/usr/lib/node_modules/typescript/lib/typingSafeList.json', types map path /usr/lib/node_modules/typescript/lib/typesMap.json
[23:37:7.915] Processing cache location '/home/furkan/.cache/typescript/4.0'
[23:37:7.915] Trying to find '/home/furkan/.cache/typescript/4.0/package.json'...
[23:37:7.917] Loaded content of '/home/furkan/.cache/typescript/4.0/package.json': {"private":true,"dependencies":{"types-registry":"^0.1.520"},"devDependencies":{"@types/core-js":"^2.5.4","@types/jquery":"^3.5.1"}}
[23:37:7.917] Loaded content of '/home/furkan/.cache/typescript/4.0/package-lock.json'
[23:37:7.930] Adding entry into typings cache: 'core-js' => '/home/furkan/.cache/typescript/4.0/node_modules/@types/core-js/index.d.ts'
[23:37:7.936] Adding entry into typings cache: 'jquery' => '/home/furkan/.cache/typescript/4.0/node_modules/@types/jquery/index.d.ts'
[23:37:7.937] Finished processing cache location '/home/furkan/.cache/typescript/4.0'
[23:37:7.937] Process id: 17789
[23:37:7.937] NPM location: /usr/bin/npm (explicit '--npmLocation' not  provided)
[23:37:7.937] validateDefaultNpmLocation: false
[23:37:7.937] Npm config file: /home/furkan/.cache/typescript/4.0/package.json
[23:37:7.937] Updating types-registry npm package...
[23:37:7.937] Exec: /usr/bin/npm install --ignore-scripts types-registry@latest
[23:37:9.898]     Succeeded. stdout:
    + types-registry@0.1.520
    updated 1 package and audited 4 packages in 1.409s
found 0 vulnerabilities


[23:37:9.898] Updated types-registry npm package
[23:37:9.924] Got install request {"projectName":"/dev/null/inferredProject1*","fileNames":["/usr/lib/node_modules/typescript/lib/lib.d.ts","/usr/lib/node_modules/typescript/lib/lib.es5.d.ts","/usr/lib/node_modules/typescript/lib/lib.dom.d.ts","/usr/lib/node_modules/typescript/lib/lib.webworker.importscripts.d.ts","/usr/lib/node_modules/typescript/lib/lib.scripthost.d.ts","/home/furkan/projects/python/yusuf-cdtp/static/app.js"],"compilerOptions":{"target":1,"jsx":1,"allowNonTsExtensions":true,"allowJs":true,"noEmitForJsFiles":true,"maxNodeModuleJsDepth":2},"typeAcquisition":{"enable":true,"include":[],"exclude":[]},"unresolvedImports":[],"projectRootPath":"/home/furkan/projects/python/yusuf-cdtp/static","kind":"discover"}
[23:37:9.948] Loaded safelist from types map file '/usr/lib/node_modules/typescript/lib/typesMap.json'
[23:37:9.949] Explicitly included types: []
[23:37:9.951] Inferred typings from unresolved imports: []
[23:37:9.951] Result: {"cachedTypingPaths":[],"newTypingNames":[],"filesToWatch":["/home/furkan/projects/python/yusuf-cdtp/static/bower_components","/home/furkan/projects/python/yusuf-cdtp/static/node_modules"]}
[23:37:9.951] Finished typings discovery: {"cachedTypingPaths":[],"newTypingNames":[],"filesToWatch":["/home/furkan/projects/python/yusuf-cdtp/static/bower_components","/home/furkan/projects/python/yusuf-cdtp/static/node_modules"]}
[23:37:9.952] DirectoryWatcher:: Added:: WatchInfo: /home/furkan/projects/python/yusuf-cdtp/static/bower_components
[23:37:9.954] DirectoryWatcher:: Added:: WatchInfo: /home/furkan/projects/python/yusuf-cdtp/static/node_modules
[23:37:9.954] Sending response:
    {"projectName":"/dev/null/inferredProject1*","typeAcquisition":{"enable":true,"include":[],"exclude":[]},"compilerOptions":{"target":1,"jsx":1,"allowNonTsExtensions":true,"allowJs":true,"noEmitForJsFiles":true,"maxNodeModuleJsDepth":2},"typings":[],"unresolvedImports":[],"kind":"action::set"}
[23:37:9.954] Response has been sent.
[23:37:9.954] No new typings were requested as a result of typings discovery
